<?xml version="1.0" encoding="UTF-8"?>
<!-- Generated by org.testng.reporters.JUnitXMLReporter -->
<testsuite ignored="2" hostname="GAGGU" failures="0" tests="1" name="demo1" time="0.063" errors="0" timestamp="2023-10-17T10:17:50 IST">
  <testcase classname="newp.demo1" name="test1" time="0.01"/>
  <testcase classname="newp.demo1" name="test3" time="0.0">
    <ignored/>
  </testcase> <!-- test3 -->
  <testcase classname="newp.demo1" name="test2" time="0.0">
    <ignored/>
  </testcase> <!-- test2 -->
</testsuite> <!-- demo1 -->
